PRT1
37
68
4 0 1 (4680 2048 352 ) (4728 2048 352 ) (4728 2048 400 ) (4680 2048 400 ) 
4 2 16 (196 -744 304 ) (245 -744 304 ) (245 -744 414 ) (196 -744 414 ) 
4 2 3 (160 -632 304 ) (160 -680 304 ) (160 -680 400 ) (160 -632 400 ) 
4 3 4 (144 -632 304 ) (144 -680 304 ) (144 -680 400 ) (144 -632 400 ) 
4 4 14 (80 -408 304 ) (80 -744 304 ) (80 -744 352 ) (80 -408 352 ) 
4 4 13 (80 -744 352 ) (80 -744 354 ) (80 -408 354 ) (80 -408 352 ) 
4 4 8 (80 -744 354 ) (80 -744 406 ) (80 -408 406 ) (80 -408 354 ) 
4 4 7 (80 -744 406 ) (80 -744 408 ) (80 -408 408 ) (80 -408 406 ) 
4 4 5 (80 -744 408 ) (80 -744 432 ) (80 -408 432 ) (80 -408 408 ) 
4 5 15 (16 -744 408 ) (16 -744 432 ) (16 -408 432 ) (16 -408 408 ) 
4 5 7 (16 -744 408 ) (16 -408 408 ) (80 -408 408 ) (80 -744 408 ) 
4 6 9 (78 -398 406 ) (18 -398 406 ) (18 -398 354 ) (78 -398 354 ) 
4 7 15 (16 -744 406 ) (16 -744 408 ) (16 -408 408 ) (16 -408 406 ) 
4 7 12 (16 -744 406 ) (16 -402 406 ) (18 -402 406 ) (18 -744 406 ) 
4 7 11 (18 -402 406 ) (78 -402 406 ) (78 -744 406 ) (18 -744 406 ) 
4 7 8 (78 -402 406 ) (80 -402 406 ) (80 -744 406 ) (78 -744 406 ) 
4 8 13 (80 -402 354 ) (80 -744 354 ) (78 -744 354 ) (78 -402 354 ) 
4 8 11 (78 -402 354 ) (78 -744 354 ) (78 -744 406 ) (78 -402 406 ) 
4 9 10 (18 -399 406 ) (18 -399 354 ) (78 -399 354 ) (78 -399 406 ) 
4 10 11 (18 -401 406 ) (18 -401 354 ) (78 -401 354 ) (78 -401 406 ) 
4 11 13 (78 -402 354 ) (78 -744 354 ) (18 -744 354 ) (18 -402 354 ) 
4 11 12 (18 -402 354 ) (18 -744 354 ) (18 -744 406 ) (18 -402 406 ) 
4 12 15 (16 -744 354 ) (16 -744 406 ) (16 -408 406 ) (16 -408 354 ) 
4 12 13 (16 -744 354 ) (16 -402 354 ) (18 -402 354 ) (18 -744 354 ) 
4 13 15 (16 -744 352 ) (16 -744 354 ) (16 -408 354 ) (16 -408 352 ) 
4 13 14 (16 -744 352 ) (16 -408 352 ) (80 -408 352 ) (80 -744 352 ) 
4 14 15 (16 -408 304 ) (16 -744 304 ) (16 -744 352 ) (16 -408 352 ) 
4 15 26 (0 -744 432 ) (0 -408 432 ) (0 -408 304 ) (0 -744 304 ) 
4 16 17 (196 -760 304 ) (245 -760 304 ) (245 -760 414 ) (196 -760 414 ) 
4 17 27 (0 -888 432 ) (0 -760 432 ) (0 -760 304 ) (0 -888 304 ) 
4 18 21 (-34 -398 406 ) (-94 -398 406 ) (-94 -398 354 ) (-34 -398 354 ) 
4 19 31 (-64 -408 408 ) (-96 -408 408 ) (-96 -408 406 ) (-64 -408 406 ) 
4 19 29 (-48 -408 408 ) (-64 -408 408 ) (-64 -408 406 ) (-48 -408 406 ) 
4 19 26 (-32 -408 406 ) (-32 -408 408 ) (-48 -408 408 ) (-48 -408 406 ) 
4 19 24 (-96 -408 406 ) (-96 -402 406 ) (-94 -402 406 ) (-94 -408 406 ) 
4 19 23 (-94 -402 406 ) (-34 -402 406 ) (-34 -408 406 ) (-94 -408 406 ) 
4 19 20 (-34 -402 406 ) (-32 -402 406 ) (-32 -408 406 ) (-34 -408 406 ) 
4 20 26 (-32 -408 354 ) (-32 -408 406 ) (-34 -408 406 ) (-34 -408 354 ) 
4 20 25 (-32 -402 354 ) (-32 -408 354 ) (-34 -408 354 ) (-34 -402 354 ) 
4 20 23 (-34 -402 354 ) (-34 -408 354 ) (-34 -408 406 ) (-34 -402 406 ) 
4 21 22 (-94 -399 406 ) (-94 -399 354 ) (-34 -399 354 ) (-34 -399 406 ) 
4 22 23 (-94 -401 406 ) (-94 -401 354 ) (-34 -401 354 ) (-34 -401 406 ) 
4 23 31 (-64 -408 406 ) (-94 -408 406 ) (-94 -408 354 ) (-64 -408 354 ) 
4 23 29 (-48 -408 406 ) (-64 -408 406 ) (-64 -408 354 ) (-48 -408 354 ) 
4 23 26 (-34 -408 406 ) (-48 -408 406 ) (-48 -408 354 ) (-34 -408 354 ) 
4 23 25 (-34 -402 354 ) (-34 -408 354 ) (-94 -408 354 ) (-94 -402 354 ) 
4 23 24 (-94 -402 354 ) (-94 -408 354 ) (-94 -408 406 ) (-94 -402 406 ) 
4 24 31 (-94 -408 406 ) (-96 -408 406 ) (-96 -408 354 ) (-94 -408 354 ) 
4 24 25 (-96 -408 354 ) (-96 -402 354 ) (-94 -402 354 ) (-94 -408 354 ) 
4 25 31 (-64 -408 354 ) (-96 -408 354 ) (-96 -408 352 ) (-64 -408 352 ) 
4 25 29 (-48 -408 354 ) (-64 -408 354 ) (-64 -408 352 ) (-48 -408 352 ) 
4 25 26 (-32 -408 352 ) (-32 -408 354 ) (-48 -408 354 ) (-48 -408 352 ) 
4 26 29 (-48 -408 414 ) (-48 -408 304 ) (-48 -744 304 ) (-48 -744 414 ) 
4 26 28 (-48 -408 432 ) (-48 -408 414 ) (-48 -744 414 ) (-48 -744 432 ) 
4 27 30 (-48 -814 304 ) (-48 -864 304 ) (-48 -864 414 ) (-48 -814 414 ) 
4 28 31 (-64 -408 432 ) (-64 -408 414 ) (-64 -744 414 ) (-64 -744 432 ) 
4 28 29 (-64 -744 414 ) (-64 -408 414 ) (-48 -408 414 ) (-48 -744 414 ) 
4 29 31 (-64 -408 414 ) (-64 -408 304 ) (-64 -744 304 ) (-64 -744 414 ) 
4 30 32 (-64 -814 304 ) (-64 -864 304 ) (-64 -864 414 ) (-64 -814 414 ) 
4 32 36 (-64 -1024 432 ) (-224 -1024 432 ) (-224 -1024 304 ) (-64 -1024 304 ) 
4 32 35 (-160 -1024 304 ) (-224 -1024 304 ) (-224 -872 304 ) (-160 -872 304 ) 
4 32 34 (-64 -1024 304 ) (-160 -1024 304 ) (-160 -872 304 ) (-64 -872 304 ) 
4 32 33 (-224 -872 304 ) (-224 -808 304 ) (-64 -808 304 ) (-64 -872 304 ) 
4 33 35 (-160 -872 304 ) (-224 -872 304 ) (-224 -872 240 ) (-160 -872 240 ) 
3 33 34 (-64 -872 304 ) (-160 -872 304 ) (-160 -872 240 ) 
4 34 36 (-64 -1024 304 ) (-160 -1024 304 ) (-160 -1024 176 ) (-64 -1024 176 ) 
5 34 35 (-160 -872 304 ) (-160 -872 240 ) (-160 -968 176 ) (-160 -1024 176 ) (-160 -1024 304 ) 
4 35 36 (-160 -1024 304 ) (-224 -1024 304 ) (-224 -1024 176 ) (-160 -1024 176 ) 
