PRT1
151
342
4 0 2 (7168 9216 -128 ) (7168 9216 2048 ) (7168 10240 2048 ) (7168 10240 -128 ) 
4 0 1 (8192 9216 -128 ) (8192 9216 2048 ) (7168 9216 2048 ) (7168 9216 -128 ) 
4 1 6 (8192 8192 -128 ) (8192 8192 2048 ) (7168 8192 2048 ) (7168 8192 -128 ) 
4 1 4 (7168 8192 -128 ) (7168 8192 2048 ) (7168 9216 2048 ) (7168 9216 -128 ) 
4 2 4 (7168 9216 -128 ) (7168 9216 2048 ) (6144 9216 2048 ) (6144 9216 -128 ) 
4 2 3 (6144 9216 -128 ) (6144 9216 2048 ) (6144 10240 2048 ) (6144 10240 -128 ) 
4 3 18 (5120 9216 -128 ) (5120 9216 2048 ) (5120 10240 2048 ) (5120 10240 -128 ) 
4 3 5 (6144 9216 -128 ) (6144 9216 2048 ) (5120 9216 2048 ) (5120 9216 -128 ) 
4 4 8 (7168 8192 -128 ) (7168 8192 2048 ) (6144 8192 2048 ) (6144 8192 -128 ) 
4 4 5 (6144 9216 2048 ) (6144 9216 -128 ) (6144 8192 -128 ) (6144 8192 2048 ) 
4 5 19 (5120 8192 -128 ) (5120 8192 2048 ) (5120 9216 2048 ) (5120 9216 -128 ) 
4 5 9 (6144 8192 -128 ) (6144 8192 2048 ) (5120 8192 2048 ) (5120 8192 -128 ) 
4 6 8 (7168 8192 2048 ) (7168 8192 -128 ) (7168 7168 -128 ) (7168 7168 2048 ) 
4 6 7 (8192 7168 -128 ) (8192 7168 2048 ) (7168 7168 2048 ) (7168 7168 -128 ) 
4 7 12 (8192 6144 -128 ) (8192 6144 2048 ) (7168 6144 2048 ) (7168 6144 -128 ) 
4 7 10 (7168 6144 -128 ) (7168 6144 2048 ) (7168 7168 2048 ) (7168 7168 -128 ) 
4 8 10 (7168 7168 -128 ) (7168 7168 2048 ) (6144 7168 2048 ) (6144 7168 -128 ) 
4 8 9 (6144 8192 2048 ) (6144 8192 -128 ) (6144 7168 -128 ) (6144 7168 2048 ) 
4 9 28 (5120 7168 -128 ) (5120 7168 2048 ) (5120 8192 2048 ) (5120 8192 -128 ) 
4 9 11 (6144 7168 -128 ) (6144 7168 2048 ) (5120 7168 2048 ) (5120 7168 -128 ) 
4 10 14 (7168 6144 -128 ) (7168 6144 2048 ) (6144 6144 2048 ) (6144 6144 -128 ) 
4 10 11 (6144 7168 2048 ) (6144 7168 -128 ) (6144 6144 -128 ) (6144 6144 2048 ) 
4 11 29 (5120 6144 -128 ) (5120 6144 2048 ) (5120 7168 2048 ) (5120 7168 -128 ) 
4 11 15 (6144 6144 -128 ) (6144 6144 2048 ) (5120 6144 2048 ) (5120 6144 -128 ) 
4 12 14 (7168 6144 2048 ) (7168 6144 -128 ) (7168 5120 -128 ) (7168 5120 2048 ) 
4 12 13 (8192 5120 -128 ) (8192 5120 2048 ) (7168 5120 2048 ) (7168 5120 -128 ) 
4 13 48 (8192 4096 -128 ) (8192 4096 2048 ) (7168 4096 2048 ) (7168 4096 -128 ) 
4 13 16 (7168 4096 -128 ) (7168 4096 2048 ) (7168 5120 2048 ) (7168 5120 -128 ) 
4 14 16 (7168 5120 -128 ) (7168 5120 2048 ) (6144 5120 2048 ) (6144 5120 -128 ) 
4 14 15 (6144 6144 2048 ) (6144 6144 -128 ) (6144 5120 -128 ) (6144 5120 2048 ) 
4 15 34 (5120 5120 -128 ) (5120 5120 2048 ) (5120 6144 2048 ) (5120 6144 -128 ) 
4 15 17 (6144 5120 -128 ) (6144 5120 2048 ) (5120 5120 2048 ) (5120 5120 -128 ) 
4 16 50 (7168 4096 -128 ) (7168 4096 2048 ) (6144 4096 2048 ) (6144 4096 -128 ) 
4 16 17 (6144 5120 2048 ) (6144 5120 -128 ) (6144 4096 -128 ) (6144 4096 2048 ) 
4 17 51 (6144 4096 -128 ) (6144 4096 2048 ) (5120 4096 2048 ) (5120 4096 -128 ) 
4 17 35 (5120 4096 -128 ) (5120 4096 2048 ) (5120 5120 2048 ) (5120 5120 -128 ) 
4 18 20 (4096 9216 -128 ) (4096 9216 2048 ) (4096 10240 2048 ) (4096 10240 -128 ) 
4 18 19 (5120 9216 -128 ) (5120 9216 2048 ) (4096 9216 2048 ) (4096 9216 -128 ) 
4 19 28 (5120 8192 -128 ) (5120 8192 2048 ) (4096 8192 2048 ) (4096 8192 -128 ) 
4 19 22 (4096 8192 -128 ) (4096 8192 2048 ) (4096 9216 2048 ) (4096 9216 -128 ) 
4 20 22 (4096 9216 -128 ) (4096 9216 2048 ) (3072 9216 2048 ) (3072 9216 -128 ) 
4 20 21 (3072 9216 -128 ) (3072 9216 2048 ) (3072 10240 2048 ) (3072 10240 -128 ) 
4 21 24 (2048 9216 -128 ) (2048 9216 2048 ) (2048 10240 2048 ) (2048 10240 -128 ) 
4 21 23 (3072 9216 -128 ) (3072 9216 2048 ) (2048 9216 2048 ) (2048 9216 -128 ) 
4 22 30 (4096 8192 -128 ) (4096 8192 2048 ) (3072 8192 2048 ) (3072 8192 -128 ) 
4 22 23 (3072 9216 2048 ) (3072 9216 -128 ) (3072 8192 -128 ) (3072 8192 2048 ) 
4 23 31 (3072 8192 -128 ) (3072 8192 2048 ) (2048 8192 2048 ) (2048 8192 -128 ) 
4 23 25 (2048 8192 -128 ) (2048 8192 2048 ) (2048 9216 2048 ) (2048 9216 -128 ) 
4 24 26 (1024 9216 -128 ) (1024 9216 2048 ) (1024 10240 2048 ) (1024 10240 -128 ) 
4 24 25 (2048 9216 -128 ) (2048 9216 2048 ) (1024 9216 2048 ) (1024 9216 -128 ) 
4 25 40 (2048 8192 -128 ) (2048 8192 2048 ) (1024 8192 2048 ) (1024 8192 -128 ) 
4 25 27 (1024 8192 -128 ) (1024 8192 2048 ) (1024 9216 2048 ) (1024 9216 -128 ) 
4 26 27 (1024 9216 -128 ) (1024 9216 2048 ) (896 9216 2048 ) (896 9216 -128 ) 
4 27 42 (1024 8192 -128 ) (1024 8192 2048 ) (896 8192 2048 ) (896 8192 -128 ) 
4 28 30 (4096 8192 2048 ) (4096 8192 -128 ) (4096 7168 -128 ) (4096 7168 2048 ) 
4 28 29 (5120 7168 -128 ) (5120 7168 2048 ) (4096 7168 2048 ) (4096 7168 -128 ) 
4 29 34 (5120 6144 -128 ) (5120 6144 2048 ) (4096 6144 2048 ) (4096 6144 -128 ) 
4 29 32 (4096 6144 -128 ) (4096 6144 2048 ) (4096 7168 2048 ) (4096 7168 -128 ) 
4 30 32 (4096 7168 -128 ) (4096 7168 2048 ) (3072 7168 2048 ) (3072 7168 -128 ) 
4 30 31 (3072 8192 2048 ) (3072 8192 -128 ) (3072 7168 -128 ) (3072 7168 2048 ) 
4 31 40 (2048 8192 2048 ) (2048 8192 -128 ) (2048 7168 -128 ) (2048 7168 2048 ) 
4 31 33 (3072 7168 -128 ) (3072 7168 2048 ) (2048 7168 2048 ) (2048 7168 -128 ) 
4 32 36 (4096 6144 -128 ) (4096 6144 2048 ) (3072 6144 2048 ) (3072 6144 -128 ) 
4 32 33 (3072 7168 2048 ) (3072 7168 -128 ) (3072 6144 -128 ) (3072 6144 2048 ) 
4 33 41 (2048 6144 -128 ) (2048 6144 2048 ) (2048 7168 2048 ) (2048 7168 -128 ) 
4 33 37 (3072 6144 -128 ) (3072 6144 2048 ) (2048 6144 2048 ) (2048 6144 -128 ) 
4 34 36 (4096 6144 2048 ) (4096 6144 -128 ) (4096 5120 -128 ) (4096 5120 2048 ) 
4 34 35 (5120 5120 -128 ) (5120 5120 2048 ) (4096 5120 2048 ) (4096 5120 -128 ) 
4 35 66 (5120 4096 -128 ) (5120 4096 2048 ) (4096 4096 2048 ) (4096 4096 -128 ) 
4 35 38 (4096 4096 -128 ) (4096 4096 2048 ) (4096 5120 2048 ) (4096 5120 -128 ) 
4 36 38 (4096 5120 -128 ) (4096 5120 2048 ) (3072 5120 2048 ) (3072 5120 -128 ) 
4 36 37 (3072 6144 2048 ) (3072 6144 -128 ) (3072 5120 -128 ) (3072 5120 2048 ) 
4 37 44 (2048 5120 -128 ) (2048 5120 2048 ) (2048 6144 2048 ) (2048 6144 -128 ) 
4 37 39 (3072 5120 -128 ) (3072 5120 2048 ) (2048 5120 2048 ) (2048 5120 -128 ) 
4 38 68 (4096 4096 -128 ) (4096 4096 2048 ) (3072 4096 2048 ) (3072 4096 -128 ) 
4 38 39 (3072 5120 2048 ) (3072 5120 -128 ) (3072 4096 -128 ) (3072 4096 2048 ) 
4 39 69 (3072 4096 -128 ) (3072 4096 2048 ) (2048 4096 2048 ) (2048 4096 -128 ) 
4 39 45 (2048 4096 -128 ) (2048 4096 2048 ) (2048 5120 2048 ) (2048 5120 -128 ) 
4 40 42 (1024 8192 2048 ) (1024 8192 -128 ) (1024 7168 -128 ) (1024 7168 2048 ) 
4 40 41 (2048 7168 -128 ) (2048 7168 2048 ) (1024 7168 2048 ) (1024 7168 -128 ) 
4 41 44 (2048 6144 -128 ) (2048 6144 2048 ) (1024 6144 2048 ) (1024 6144 -128 ) 
4 41 43 (1024 6144 -128 ) (1024 6144 2048 ) (1024 7168 2048 ) (1024 7168 -128 ) 
4 42 43 (1024 7168 -128 ) (1024 7168 2048 ) (896 7168 2048 ) (896 7168 -128 ) 
4 43 46 (1024 6144 -128 ) (1024 6144 2048 ) (896 6144 2048 ) (896 6144 -128 ) 
4 44 46 (1024 6144 2048 ) (1024 6144 -128 ) (1024 5120 -128 ) (1024 5120 2048 ) 
4 44 45 (2048 5120 -128 ) (2048 5120 2048 ) (1024 5120 2048 ) (1024 5120 -128 ) 
4 45 133 (2048 4096 -128 ) (2048 4096 2048 ) (1024 4096 2048 ) (1024 4096 -128 ) 
4 45 47 (1024 4096 -128 ) (1024 4096 2048 ) (1024 5120 2048 ) (1024 5120 -128 ) 
4 46 47 (1024 5120 -128 ) (1024 5120 2048 ) (896 5120 2048 ) (896 5120 -128 ) 
4 47 135 (1024 4096 -128 ) (1024 4096 2048 ) (896 4096 2048 ) (896 4096 -128 ) 
4 48 50 (7168 4096 2048 ) (7168 4096 -128 ) (7168 3072 -128 ) (7168 3072 2048 ) 
4 48 49 (8192 3072 -128 ) (8192 3072 2048 ) (7168 3072 2048 ) (7168 3072 -128 ) 
4 49 54 (8192 2048 -128 ) (8192 2048 2048 ) (7168 2048 2048 ) (7168 2048 -128 ) 
4 49 52 (7168 2048 -128 ) (7168 2048 2048 ) (7168 3072 2048 ) (7168 3072 -128 ) 
4 50 52 (7168 3072 -128 ) (7168 3072 2048 ) (6144 3072 2048 ) (6144 3072 -128 ) 
4 50 51 (6144 4096 2048 ) (6144 4096 -128 ) (6144 3072 -128 ) (6144 3072 2048 ) 
4 51 66 (5120 4096 2048 ) (5120 4096 -128 ) (5120 3072 -128 ) (5120 3072 2048 ) 
4 51 53 (6144 3072 -128 ) (6144 3072 2048 ) (5120 3072 2048 ) (5120 3072 -128 ) 
4 52 56 (7168 2048 -128 ) (7168 2048 2048 ) (6144 2048 2048 ) (6144 2048 -128 ) 
4 52 53 (6144 3072 2048 ) (6144 3072 -128 ) (6144 2048 -128 ) (6144 2048 2048 ) 
4 53 67 (5120 2048 -128 ) (5120 2048 2048 ) (5120 3072 2048 ) (5120 3072 -128 ) 
4 53 57 (6144 2048 -128 ) (6144 2048 2048 ) (5120 2048 2048 ) (5120 2048 -128 ) 
4 54 56 (7168 2048 2048 ) (7168 2048 -128 ) (7168 1024 -128 ) (7168 1024 2048 ) 
4 54 55 (8192 1024 -128 ) (8192 1024 2048 ) (7168 1024 2048 ) (7168 1024 -128 ) 
4 55 60 (8192 0 -128 ) (8192 0 2048 ) (7168 0 2048 ) (7168 0 -128 ) 
4 55 58 (7168 0 -128 ) (7168 0 2048 ) (7168 1024 2048 ) (7168 1024 -128 ) 
4 56 58 (7168 1024 -128 ) (7168 1024 2048 ) (6144 1024 2048 ) (6144 1024 -128 ) 
4 56 57 (6144 2048 2048 ) (6144 2048 -128 ) (6144 1024 -128 ) (6144 1024 2048 ) 
4 57 127 (5120 1024 -128 ) (5120 1024 600 ) (5120 2048 600 ) (5120 2048 -128 ) 
4 57 73 (5120 1024 600 ) (5120 1024 952 ) (5120 2048 952 ) (5120 2048 600 ) 
4 57 72 (5120 1024 952 ) (5120 1024 2048 ) (5120 2048 2048 ) (5120 2048 952 ) 
4 57 59 (6144 1024 -128 ) (6144 1024 2048 ) (5120 1024 2048 ) (5120 1024 -128 ) 
4 58 62 (7168 0 -128 ) (7168 0 2048 ) (6144 0 2048 ) (6144 0 -128 ) 
4 58 59 (6144 1024 2048 ) (6144 1024 -128 ) (6144 0 -128 ) (6144 0 2048 ) 
4 59 128 (5120 0 -128 ) (5120 0 2048 ) (5120 1024 2048 ) (5120 1024 -128 ) 
4 59 63 (6144 0 -128 ) (6144 0 2048 ) (5120 0 2048 ) (5120 0 -128 ) 
4 60 62 (7168 0 2048 ) (7168 0 -128 ) (7168 -1024 -128 ) (7168 -1024 2048 ) 
4 60 61 (8192 -1024 -128 ) (8192 -1024 2048 ) (7168 -1024 2048 ) (7168 -1024 -128 ) 
4 61 64 (7168 -2048 -128 ) (7168 -2048 2048 ) (7168 -1024 2048 ) (7168 -1024 -128 ) 
4 62 64 (7168 -1024 -128 ) (7168 -1024 2048 ) (6144 -1024 2048 ) (6144 -1024 -128 ) 
4 62 63 (6144 0 2048 ) (6144 0 -128 ) (6144 -1024 -128 ) (6144 -1024 2048 ) 
4 63 141 (5120 -1024 -128 ) (5120 -1024 2048 ) (5120 0 2048 ) (5120 0 -128 ) 
4 63 65 (6144 -1024 -128 ) (6144 -1024 2048 ) (5120 -1024 2048 ) (5120 -1024 -128 ) 
4 64 65 (6144 -1024 2048 ) (6144 -1024 -128 ) (6144 -2048 -128 ) (6144 -2048 2048 ) 
4 65 142 (5120 -2048 -128 ) (5120 -2048 2048 ) (5120 -1024 2048 ) (5120 -1024 -128 ) 
4 66 68 (4096 4096 2048 ) (4096 4096 -128 ) (4096 3072 -128 ) (4096 3072 2048 ) 
4 66 67 (5120 3072 -128 ) (5120 3072 2048 ) (4096 3072 2048 ) (4096 3072 -128 ) 
4 67 127 (5120 2048 -128 ) (5120 2048 600 ) (4096 2048 600 ) (4096 2048 -128 ) 
3 67 121 (4496 2048 600 ) (4512 2048 600 ) (4512 2048 952 ) 
4 67 120 (4488 2048 952 ) (4488 2048 600 ) (4496 2048 600 ) (4512 2048 952 ) 
4 67 119 (4512 2048 2048 ) (4488 2048 2048 ) (4488 2048 952 ) (4512 2048 952 ) 
4 67 126 (4488 2048 2048 ) (4096 2048 2048 ) (4096 2048 600 ) (4488 2048 600 ) 
4 67 83 (4512 2048 952 ) (4512 2048 600 ) (4640 2048 600 ) (4640 2048 952 ) 
4 67 82 (4640 2048 2048 ) (4512 2048 2048 ) (4512 2048 952 ) (4640 2048 952 ) 
4 67 74 (4720 2048 952 ) (4640 2048 952 ) (4640 2048 600 ) (4800 2048 600 ) 
4 67 73 (5120 2048 600 ) (5120 2048 952 ) (4720 2048 952 ) (4800 2048 600 ) 
4 67 72 (5120 2048 952 ) (5120 2048 2048 ) (4640 2048 2048 ) (4640 2048 952 ) 
4 67 70 (4096 2048 -128 ) (4096 2048 2048 ) (4096 3072 2048 ) (4096 3072 -128 ) 
4 68 70 (4096 3072 -128 ) (4096 3072 2048 ) (3072 3072 2048 ) (3072 3072 -128 ) 
4 68 69 (3072 4096 2048 ) (3072 4096 -128 ) (3072 3072 -128 ) (3072 3072 2048 ) 
4 69 133 (2048 4096 2048 ) (2048 4096 -128 ) (2048 3072 -128 ) (2048 3072 2048 ) 
4 69 71 (3072 3072 -128 ) (3072 3072 2048 ) (2048 3072 2048 ) (2048 3072 -128 ) 
4 70 129 (4096 2048 -128 ) (4096 2048 2048 ) (3072 2048 2048 ) (3072 2048 -128 ) 
4 70 71 (3072 3072 2048 ) (3072 3072 -128 ) (3072 2048 -128 ) (3072 2048 2048 ) 
4 71 134 (2048 2048 -128 ) (2048 2048 2048 ) (2048 3072 2048 ) (2048 3072 -128 ) 
4 71 130 (3072 2048 -128 ) (3072 2048 2048 ) (2048 2048 2048 ) (2048 2048 -128 ) 
4 72 128 (5120 1024 952 ) (5120 1024 2048 ) (4640 1024 2048 ) (4640 1024 952 ) 
4 72 82 (4640 1024 952 ) (4640 1024 2048 ) (4640 2048 2048 ) (4640 2048 952 ) 
4 72 75 (4640 1024 952 ) (4640 1296 952 ) (4720 1344 952 ) (4720 1024 952 ) 
4 72 74 (4640 1472 952 ) (4640 2048 952 ) (4720 2048 952 ) (4720 1424 952 ) 
4 72 73 (4720 2048 952 ) (5120 2048 952 ) (5120 1024 952 ) (4720 1024 952 ) 
4 73 128 (5120 1024 600 ) (5120 1024 952 ) (4720 1024 952 ) (4800 1024 600 ) 
4 73 127 (4800 2048 600 ) (5120 2048 600 ) (5120 1024 600 ) (4800 1024 600 ) 
4 73 75 (4800 1344 600 ) (4800 1024 600 ) (4720 1024 952 ) (4720 1344 952 ) 
4 73 74 (4800 2048 600 ) (4800 1424 600 ) (4720 1424 952 ) (4720 2048 952 ) 
4 74 127 (4640 2048 600 ) (4800 2048 600 ) (4800 1424 600 ) (4640 1520 600 ) 
3 74 98 (4640 1488 834.667847 ) (4640 1474.181885 936 ) (4640 1488 936 ) 
4 74 89 (4640 1474.181885 936 ) (4640 1472 952 ) (4640 1488 952 ) (4640 1488 936 ) 
5 74 83 (4640 2048 600 ) (4640 1520 600 ) (4640 1488 834.667847 ) (4640 1488 952 ) (4640 2048 952 ) 
4 75 128 (4720 1024 952 ) (4640 1024 952 ) (4640 1024 600 ) (4800 1024 600 ) 
4 75 127 (4800 1344 600 ) (4800 1024 600 ) (4640 1024 600 ) (4640 1248 600 ) 
4 75 115 (4640 1248 600 ) (4640 1024 600 ) (4640 1024 601 ) (4640 1248.136353 601 ) 
4 75 97 (4640 1024 601 ) (4640 1024 936 ) (4640 1293.818237 936 ) (4640 1248.136353 601 ) 
4 75 90 (4640 1024 936 ) (4640 1024 952 ) (4640 1296 952 ) (4640 1293.818237 936 ) 
4 76 81 (4748 1439.063721 601 ) (4748 1414 601 ) (4748 1414 758.361084 ) (4748 1417.605225 758.361084 ) 
4 76 78 (4764 1414 687.961914 ) (4748 1414 758.363281 ) (4748 1414 681 ) (4764 1414 681 ) 
3 76 77 (4783.763672 1414 601 ) (4764 1414 687.961914 ) (4764 1414 601 ) 
3 77 79 (4764 1354 601 ) (4783.764160 1354 601 ) (4764 1354 687.961548 ) 
4 77 78 (4764 1414 687.960938 ) (4764 1414 681 ) (4764 1354 681 ) (4764 1354 687.960938 ) 
4 78 81 (4748 1354 681 ) (4748 1354 758.361389 ) (4748 1414 758.361084 ) (4748 1414 681 ) 
4 78 79 (4748 1354 758.360901 ) (4748 1354 681 ) (4764 1354 681 ) (4764 1354 687.961548 ) 
4 79 81 (4748 1354 601 ) (4748 1328.936401 601 ) (4748 1350.394775 758.361389 ) (4748 1354 758.361389 ) 
4 80 99 (4640 1309.818237 936 ) (4640 1456 936 ) (4640 1476.262939 792 ) (4640 1290.181885 792 ) 
4 81 101 (4640 1488 712 ) (4640 1488 601 ) (4640 1264.136475 601 ) (4640 1279.272827 712 ) 
4 81 100 (4640 1288 776 ) (4640 1478.514282 776 ) (4640 1487.520142 712 ) (4640 1279.272827 712 ) 
4 82 128 (4512 1024 2048 ) (4512 1024 952 ) (4640 1024 952 ) (4640 1024 2048 ) 
4 82 124 (4512 1304 952 ) (4512 1024 952 ) (4512 1024 2048 ) (4512 1304 2048 ) 
4 82 119 (4512 2048 2048 ) (4512 2048 952 ) (4512 1304 952 ) (4512 1304 2048 ) 
4 82 118 (4512 1024 952 ) (4512 1296 952 ) (4528 1296 952 ) (4528 1024 952 ) 
4 82 116 (4512 1472 952 ) (4512 1488 952 ) (4528 1488 952 ) (4528 1472 952 ) 
4 82 96 (4576 1296 952 ) (4576 1024 952 ) (4528 1024 952 ) (4528 1296 952 ) 
4 82 91 (4528 1488 952 ) (4576 1488 952 ) (4576 1472 952 ) (4528 1472 952 ) 
4 82 90 (4640 1296 952 ) (4640 1024 952 ) (4576 1024 952 ) (4576 1296 952 ) 
4 82 89 (4576 1488 952 ) (4640 1488 952 ) (4640 1472 952 ) (4576 1472 952 ) 
4 82 83 (4512 1488 952 ) (4512 2048 952 ) (4640 2048 952 ) (4640 1488 952 ) 
4 83 127 (4512 2048 600 ) (4640 2048 600 ) (4640 1520 600 ) (4512 1520 600 ) 
5 83 121 (4512 2048 952 ) (4512 2048 600 ) (4512 1520 600 ) (4512 1488 834.719971 ) (4512 1488 952 ) 
4 83 116 (4528 1488 952 ) (4512 1488 952 ) (4512 1488 834.719971 ) (4528 1488 834.719971 ) 
4 83 98 (4640 1488 834.719971 ) (4640 1488 936 ) (4528 1488 936 ) (4528 1488 834.719971 ) 
4 83 91 (4576 1488 952 ) (4528 1488 952 ) (4528 1488 936 ) (4576 1488 936 ) 
4 83 89 (4640 1488 936 ) (4640 1488 952 ) (4576 1488 952 ) (4576 1488 936 ) 
3 83 88 (4537 1520 600 ) (4552 1520 600 ) (4552 1505 710.024719 ) 
3 83 86 (4608 1505 710.029724 ) (4608 1520 600 ) (4623 1520 600 ) 
4 83 87 (4608 1504.731323 712 ) (4552 1504.731201 712 ) (4552 1520 600 ) (4608 1520 600 ) 
4 83 85 (4528 1488 834.722900 ) (4512 1488 834.722900 ) (4512 1504.731079 712 ) (4528 1504.731079 712 ) 
4 83 84 (4640 1504.731445 712 ) (4640 1488 834.722900 ) (4528 1488 834.722900 ) (4528 1504.731079 712 ) 
4 84 98 (4640 1488 823.165955 ) (4640 1488 834.719971 ) (4528 1488 834.719971 ) (4528 1488 823.165955 ) 
4 84 87 (4552 1504.728882 712 ) (4608 1504.728882 712 ) (4608 1504 712 ) (4552 1504 712 ) 
4 84 85 (4528 1488 834.746094 ) (4528 1504.734375 712 ) (4528 1504 712 ) (4528 1488 823.166321 ) 
4 85 116 (4528 1488 834.719971 ) (4512 1488 834.719971 ) (4512 1488 823.166016 ) (4528 1488 823.166016 ) 
3 86 127 (4608 1505 600 ) (4608 1520 600 ) (4623 1520 600 ) 
3 86 87 (4608 1505 709.963867 ) (4608 1519.991943 600 ) (4608 1505 600 ) 
4 87 127 (4608 1488 600 ) (4552 1488 600 ) (4552 1520 600 ) (4608 1520 600 ) 
4 87 114 (4552 1488 601 ) (4552 1488 600 ) (4608 1488 600 ) (4608 1488 601 ) 
4 87 104 (4584 1488 712 ) (4552 1488 712 ) (4552 1488 601 ) (4584 1488 601 ) 
4 87 101 (4608 1488 712 ) (4584 1488 712 ) (4584 1488 601 ) (4608 1488 601 ) 
3 87 88 (4552 1505 709.963806 ) (4552 1519.991943 600 ) (4552 1505 600 ) 
3 88 127 (4537 1520 600 ) (4552 1520 600 ) (4552 1505 600 ) 
4 89 98 (4576 1488 936 ) (4640 1488 936 ) (4640 1472 936 ) (4576 1472 936 ) 
4 89 91 (4576 1488 952 ) (4576 1488 936 ) (4576 1472 936 ) (4576 1472 952 ) 
4 90 128 (4640 1024 936 ) (4640 1024 952 ) (4576 1024 952 ) (4576 1024 936 ) 
4 90 97 (4640 1293.818237 936 ) (4640 1024 936 ) (4576 1024 936 ) (4576 1293.818237 936 ) 
4 90 96 (4576 1293.818237 936 ) (4576 1024 936 ) (4576 1024 952 ) (4576 1296 952 ) 
4 91 116 (4528 1488 952 ) (4528 1488 936 ) (4528 1473.454590 936 ) (4528 1472 952 ) 
4 91 98 (4528 1472 936 ) (4528 1488 936 ) (4576 1488 936 ) (4576 1472 936 ) 
4 92 109 (4576 1368 936 ) (4576 1360 936 ) (4530 1360 936 ) (4530 1368 936 ) 
4 92 108 (4576 1372 936 ) (4576 1368 936 ) (4530 1368 936 ) (4530 1372 936 ) 
4 92 105 (4530 1408 936 ) (4576 1408 936 ) (4576 1372 936 ) (4530 1372 936 ) 
4 92 94 (4530 1372 950 ) (4530 1396 950 ) (4530 1396 936 ) (4530 1372 936 ) 
4 92 93 (4530 1396 950 ) (4530 1408 950 ) (4530 1408 936 ) (4530 1396 936 ) 
4 92 95 (4530 1360 936 ) (4530 1360 950 ) (4530 1372 950 ) (4530 1372 936 ) 
4 93 106 (4528 1396 936 ) (4528 1408 936 ) (4530 1408 936 ) (4530 1396 936 ) 
4 93 94 (4528 1396 936 ) (4530 1396 936 ) (4530 1396 950 ) (4528 1396 950 ) 
4 94 107 (4528 1372 936 ) (4528 1396 936 ) (4530 1396 936 ) (4530 1372 936 ) 
4 94 95 (4528 1372 936 ) (4530 1372 936 ) (4530 1372 950 ) (4528 1372 950 ) 
4 95 109 (4528 1360 936 ) (4528 1368 936 ) (4530 1368 936 ) (4530 1360 936 ) 
4 95 108 (4528 1368 936 ) (4528 1372 936 ) (4530 1372 936 ) (4530 1368 936 ) 
4 96 128 (4576 1024 952 ) (4528 1024 952 ) (4528 1024 936 ) (4576 1024 936 ) 
4 96 118 (4528 1293.818237 936 ) (4528 1024 936 ) (4528 1024 952 ) (4528 1296 952 ) 
4 96 97 (4528 1024 936 ) (4528 1293.818237 936 ) (4576 1293.818237 936 ) (4576 1024 936 ) 
4 97 128 (4640 1024 601 ) (4640 1024 936 ) (4528 1024 936 ) (4528 1024 601 ) 
4 97 118 (4528 1248.136353 601 ) (4528 1024 601 ) (4528 1024 936 ) (4528 1293.818237 936 ) 
4 97 115 (4528 1024 601 ) (4528 1248.136353 601 ) (4640 1248.136353 601 ) (4640 1024 601 ) 
4 98 116 (4528 1488 936 ) (4528 1488 823.166260 ) (4528 1476.360107 904.038879 ) (4528 1473.454590 936 ) 
4 99 110 (4584 1309.818237 936 ) (4584 1360 936 ) (4584 1360 792 ) (4584 1290.181885 792 ) 
4 99 109 (4584 1360 936 ) (4584 1368 936 ) (4584 1368 792 ) (4584 1360 792 ) 
4 99 108 (4584 1368 936 ) (4584 1372 936 ) (4584 1372 792 ) (4584 1368 792 ) 
4 99 105 (4584 1372 936 ) (4584 1408 936 ) (4584 1408 792 ) (4584 1372 792 ) 
4 99 102 (4584 1408 936 ) (4584 1456 936 ) (4584 1476.262939 792 ) (4584 1408 792 ) 
4 100 113 (4584 1304 712 ) (4584 1279.272705 712 ) (4584 1288 776 ) (4584 1304 776 ) 
4 100 111 (4584 1368 712 ) (4584 1304 712 ) (4584 1304 776 ) (4584 1368 776 ) 
4 100 108 (4584 1372 712 ) (4584 1368 712 ) (4584 1368 776 ) (4584 1372 776 ) 
4 100 105 (4584 1408 712 ) (4584 1372 712 ) (4584 1372 776 ) (4584 1408 776 ) 
4 100 103 (4584 1487.520142 712 ) (4584 1408 712 ) (4584 1408 776 ) (4584 1478.514404 776 ) 
4 100 101 (4584 1279.272705 712 ) (4584 1487.520142 712 ) (4640 1487.520142 712 ) (4640 1279.272705 712 ) 
4 101 114 (4584 1488 601 ) (4608 1488 601 ) (4608 1444 601 ) (4584 1444 601 ) 
4 101 113 (4584 1304 601 ) (4584 1264.136353 601 ) (4584 1279.272705 712 ) (4584 1304 712 ) 
4 101 111 (4584 1368 601 ) (4584 1304 601 ) (4584 1304 712 ) (4584 1368 712 ) 
4 101 108 (4584 1372 601 ) (4584 1368 601 ) (4584 1368 712 ) (4584 1372 712 ) 
4 101 105 (4584 1408 601 ) (4584 1372 601 ) (4584 1372 712 ) (4584 1408 712 ) 
4 101 104 (4584 1488 712 ) (4584 1488 601 ) (4584 1408 601 ) (4584 1408 712 ) 
4 102 106 (4530 1408 936 ) (4528 1408 936 ) (4528 1408 792 ) (4530 1408 792 ) 
4 102 105 (4584 1408 792 ) (4584 1408 936 ) (4530 1408 936 ) (4530 1408 792 ) 
4 103 106 (4530 1408 776 ) (4528 1408 776 ) (4528 1408 712 ) (4530 1408 712 ) 
4 103 105 (4584 1408 712 ) (4584 1408 776 ) (4530 1408 776 ) (4530 1408 712 ) 
4 103 104 (4584 1408 712 ) (4528 1408 712 ) (4528 1487.520142 712 ) (4584 1487.520142 712 ) 
4 104 114 (4552 1488 601 ) (4584 1488 601 ) (4584 1444 601 ) (4552 1444 601 ) 
4 104 106 (4528 1408 601 ) (4530 1408 601 ) (4530 1408 712 ) (4528 1408 712 ) 
4 104 105 (4530 1408 601 ) (4584 1408 601 ) (4584 1408 712 ) (4530 1408 712 ) 
4 105 108 (4530 1372 601 ) (4584 1372 601 ) (4584 1372 936 ) (4530 1372 936 ) 
4 105 107 (4530 1396 601 ) (4530 1372 601 ) (4530 1372 936 ) (4530 1396 936 ) 
4 105 106 (4530 1408 936 ) (4530 1408 601 ) (4530 1396 601 ) (4530 1396 936 ) 
4 106 107 (4528 1396 601 ) (4530 1396 601 ) (4530 1396 936 ) (4528 1396 936 ) 
4 107 108 (4528 1372 601 ) (4530 1372 601 ) (4530 1372 936 ) (4528 1372 936 ) 
4 108 112 (4540 1368 684 ) (4540 1368 776 ) (4528 1368 776 ) (4528 1368 684 ) 
4 108 111 (4540 1368 601 ) (4584 1368 601 ) (4584 1368 776 ) (4540 1368 776 ) 
4 108 109 (4584 1368 776 ) (4584 1368 936 ) (4528 1368 936 ) (4528 1368 776 ) 
4 109 112 (4528 1368 776 ) (4540 1368 776 ) (4540 1360 776 ) (4528 1360 776 ) 
4 109 111 (4540 1368 776 ) (4584 1368 776 ) (4584 1360 776 ) (4540 1360 776 ) 
4 109 110 (4584 1360 792 ) (4584 1360 936 ) (4528 1360 936 ) (4528 1360 792 ) 
4 111 113 (4540 1304 601 ) (4584 1304 601 ) (4584 1304 776 ) (4540 1304 776 ) 
4 111 112 (4540 1304 684 ) (4540 1304 776 ) (4540 1368 776 ) (4540 1368 684 ) 
4 112 113 (4540 1304 684 ) (4540 1304 776 ) (4528 1304 776 ) (4528 1304 684 ) 
4 114 127 (4608 1444 600 ) (4552 1444 600 ) (4552 1488 600 ) (4608 1488 600 ) 
4 115 128 (4528 1024 600 ) (4640 1024 600 ) (4640 1024 601 ) (4528 1024 601 ) 
4 115 127 (4640 1248 600 ) (4640 1024 600 ) (4528 1024 600 ) (4528 1248 600 ) 
4 115 118 (4528 1248 600 ) (4528 1024 600 ) (4528 1024 601 ) (4528 1248.136353 601 ) 
3 116 121 (4512 1472 952 ) (4512 1488 952 ) (4512 1488 834.658508 ) 
3 116 117 (4512 1472 952 ) (4512 1476.359131 904.045349 ) (4514.179688 1476.359131 904.045349 ) 
4 118 128 (4512 1024 952 ) (4512 1024 600 ) (4528 1024 600 ) (4528 1024 952 ) 
4 118 127 (4528 1024 600 ) (4512 1024 600 ) (4512 1248 600 ) (4528 1248 600 ) 
4 118 125 (4512 1248 600 ) (4512 1024 600 ) (4512 1024 952 ) (4512 1296 952 ) 
4 119 124 (4488 1304 2048 ) (4488 1304 952 ) (4512 1304 952 ) (4512 1304 2048 ) 
4 119 123 (4512 1304 952 ) (4488 1304 952 ) (4488 1368 952 ) (4512 1368 952 ) 
4 119 120 (4488 1368 952 ) (4488 2048 952 ) (4512 2048 952 ) (4512 1368 952 ) 
4 119 126 (4488 1304 952 ) (4488 1304 2048 ) (4488 2048 2048 ) (4488 2048 952 ) 
4 120 127 (4488 2048 600 ) (4496 2048 600 ) (4496 1368 600 ) (4488 1368 600 ) 
4 120 123 (4512 1368 952 ) (4488 1368 952 ) (4488 1368 684 ) (4499.818359 1368 684 ) 
3 120 122 (4496 1472 600 ) (4496 1504 600 ) (4512 1472 952 ) 
4 120 121 (4496 1504 600 ) (4496 2048 600 ) (4512 2048 952 ) (4512 1472 952 ) 
4 120 126 (4488 2048 600 ) (4488 1368 600 ) (4488 1368 952 ) (4488 2048 952 ) 
5 121 127 (4496 2048 600 ) (4512 2048 600 ) (4512 1520 600 ) (4506.666992 1504 600 ) (4496 1504 600 ) 
4 121 122 (4511.998535 1472 952 ) (4495.998535 1504 600 ) (4506.666992 1504 600 ) (4512 1472 952 ) 
3 122 127 (4496 1472 600 ) (4496 1504 600 ) (4506.666992 1504 600 ) 
4 123 124 (4488 1304 952 ) (4488 1304 684 ) (4499.818359 1304 684 ) (4512 1304 952 ) 
4 123 126 (4488 1304 684 ) (4488 1304 952 ) (4488 1368 952 ) (4488 1368 684 ) 
5 124 128 (4488 1024 600 ) (4496 1024 600 ) (4512 1024 951.996826 ) (4512 1024 2048 ) (4488 1024 2048 ) 
4 124 127 (4496 1024 600 ) (4488 1024 600 ) (4488 1304 600 ) (4496 1304 600 ) 
4 124 125 (4496 1024 600 ) (4496 1296.001953 600 ) (4512 1296.003540 952.025024 ) (4512 1024 952.024963 ) 
4 124 126 (4488 1304 600 ) (4488 1024 600 ) (4488 1024 2048 ) (4488 1304 2048 ) 
3 125 128 (4496 1024 600 ) (4512 1024 600 ) (4512 1024 951.996826 ) 
4 125 127 (4512 1248 600 ) (4512 1024 600 ) (4496 1024 600 ) (4496 1295.998779 600 ) 
4 126 129 (4096 2048 2048 ) (4096 2048 600 ) (4096 1024 600 ) (4096 1024 2048 ) 
4 126 128 (4096 1024 2048 ) (4096 1024 600 ) (4488 1024 600 ) (4488 1024 2048 ) 
4 126 127 (4096 1024 600 ) (4096 2048 600 ) (4488 2048 600 ) (4488 1024 600 ) 
4 127 129 (4096 2048 600 ) (4096 2048 -128 ) (4096 1024 -128 ) (4096 1024 600 ) 
4 127 128 (5120 1024 -128 ) (5120 1024 600 ) (4096 1024 600 ) (4096 1024 -128 ) 
4 128 141 (5120 0 -128 ) (5120 0 2048 ) (4096 0 2048 ) (4096 0 -128 ) 
4 128 131 (4096 0 -128 ) (4096 0 2048 ) (4096 1024 2048 ) (4096 1024 -128 ) 
4 129 131 (4096 1024 -128 ) (4096 1024 2048 ) (3072 1024 2048 ) (3072 1024 -128 ) 
4 129 130 (3072 2048 2048 ) (3072 2048 -128 ) (3072 1024 -128 ) (3072 1024 2048 ) 
4 130 137 (2048 1024 -128 ) (2048 1024 2048 ) (2048 2048 2048 ) (2048 2048 -128 ) 
4 130 132 (3072 1024 -128 ) (3072 1024 2048 ) (2048 1024 2048 ) (2048 1024 -128 ) 
4 131 143 (4096 0 -128 ) (4096 0 2048 ) (3072 0 2048 ) (3072 0 -128 ) 
4 131 132 (3072 1024 2048 ) (3072 1024 -128 ) (3072 0 -128 ) (3072 0 2048 ) 
4 132 144 (3072 0 -128 ) (3072 0 2048 ) (2048 0 2048 ) (2048 0 -128 ) 
4 132 138 (2048 0 -128 ) (2048 0 2048 ) (2048 1024 2048 ) (2048 1024 -128 ) 
4 133 135 (1024 4096 2048 ) (1024 4096 -128 ) (1024 3072 -128 ) (1024 3072 2048 ) 
4 133 134 (2048 3072 -128 ) (2048 3072 2048 ) (1024 3072 2048 ) (1024 3072 -128 ) 
4 134 137 (2048 2048 -128 ) (2048 2048 2048 ) (1024 2048 2048 ) (1024 2048 -128 ) 
4 134 136 (1024 2048 -128 ) (1024 2048 2048 ) (1024 3072 2048 ) (1024 3072 -128 ) 
4 135 136 (1024 3072 -128 ) (1024 3072 2048 ) (896 3072 2048 ) (896 3072 -128 ) 
4 136 139 (1024 2048 -128 ) (1024 2048 2048 ) (896 2048 2048 ) (896 2048 -128 ) 
4 137 139 (1024 2048 2048 ) (1024 2048 -128 ) (1024 1024 -128 ) (1024 1024 2048 ) 
4 137 138 (2048 1024 -128 ) (2048 1024 2048 ) (1024 1024 2048 ) (1024 1024 -128 ) 
4 138 147 (2048 0 -128 ) (2048 0 2048 ) (1024 0 2048 ) (1024 0 -128 ) 
4 138 140 (1024 0 -128 ) (1024 0 2048 ) (1024 1024 2048 ) (1024 1024 -128 ) 
4 139 140 (1024 1024 -128 ) (1024 1024 2048 ) (896 1024 2048 ) (896 1024 -128 ) 
4 140 149 (1024 0 -128 ) (1024 0 2048 ) (896 0 2048 ) (896 0 -128 ) 
4 141 143 (4096 0 2048 ) (4096 0 -128 ) (4096 -1024 -128 ) (4096 -1024 2048 ) 
4 141 142 (5120 -1024 -128 ) (5120 -1024 2048 ) (4096 -1024 2048 ) (4096 -1024 -128 ) 
4 142 145 (4096 -2048 -128 ) (4096 -2048 2048 ) (4096 -1024 2048 ) (4096 -1024 -128 ) 
4 143 145 (4096 -1024 -128 ) (4096 -1024 2048 ) (3072 -1024 2048 ) (3072 -1024 -128 ) 
4 143 144 (3072 0 2048 ) (3072 0 -128 ) (3072 -1024 -128 ) (3072 -1024 2048 ) 
4 144 147 (2048 0 2048 ) (2048 0 -128 ) (2048 -1024 -128 ) (2048 -1024 2048 ) 
4 144 146 (3072 -1024 -128 ) (3072 -1024 2048 ) (2048 -1024 2048 ) (2048 -1024 -128 ) 
4 145 146 (3072 -1024 2048 ) (3072 -1024 -128 ) (3072 -2048 -128 ) (3072 -2048 2048 ) 
4 146 148 (2048 -2048 -128 ) (2048 -2048 2048 ) (2048 -1024 2048 ) (2048 -1024 -128 ) 
4 147 149 (1024 0 2048 ) (1024 0 -128 ) (1024 -1024 -128 ) (1024 -1024 2048 ) 
4 147 148 (2048 -1024 -128 ) (2048 -1024 2048 ) (1024 -1024 2048 ) (1024 -1024 -128 ) 
4 148 150 (1024 -2048 -128 ) (1024 -2048 2048 ) (1024 -1024 2048 ) (1024 -1024 -128 ) 
4 149 150 (1024 -1024 -128 ) (1024 -1024 2048 ) (896 -1024 2048 ) (896 -1024 -128 ) 
